2016-12-13 13:04:02,798 - Velocimacro : Default library not found.
2016-12-13 13:04:02,799 - Velocimacro : allowInline = true : VMs can be defined inline in templates
2016-12-13 13:04:02,799 - Velocimacro : allowInlineToOverride = false : VMs defined inline may NOT replace previous VM definitions
2016-12-13 13:04:02,799 - Velocimacro : allowInlineLocal = false : VMs defined inline will be global in scope if allowed.
2016-12-13 13:04:02,799 - Velocimacro : autoload off : VM system will not automatically reload global library macros
2016-12-13 13:04:02,814 - ResourceManager : found html-style/Test.html with loader org.apache.velocity.runtime.resource.loader.ClasspathResourceLoader
2016-12-15 13:55:55,931 - Log4JLogChute initialized using file 'velocity.log'
2016-12-15 13:55:55,934 - Initializing Velocity, Calling init()...
2016-12-15 13:55:55,934 - Starting Apache Velocity v1.7 (compiled: 2010-11-19 12:14:37)
2016-12-15 13:55:55,934 - Default Properties File: org\apache\velocity\runtime\defaults\velocity.properties
2016-12-15 13:55:55,934 - Trying to use logger class org.apache.velocity.runtime.log.AvalonLogChute
2016-12-15 13:55:55,934 - Target log system for org.apache.velocity.runtime.log.AvalonLogChute is not available (java.lang.NoClassDefFoundError: org/apache/log/format/Formatter).  Falling back to next log system...
2016-12-15 13:55:55,934 - Trying to use logger class org.apache.velocity.runtime.log.Log4JLogChute
2016-12-15 13:55:55,934 - Using logger class org.apache.velocity.runtime.log.Log4JLogChute
2016-12-15 13:55:55,934 - ResourceLoader instantiated: org.apache.velocity.runtime.resource.loader.ClasspathResourceLoader
2016-12-15 13:55:55,954 - ResourceCache: initialized (class org.apache.velocity.runtime.resource.ResourceCacheImpl) with class java.util.Collections$SynchronizedMap cache map.
2016-12-15 13:55:55,954 - Loaded System Directive: org.apache.velocity.runtime.directive.Stop
2016-12-15 13:55:55,954 - Loaded System Directive: org.apache.velocity.runtime.directive.Define
2016-12-15 13:55:55,956 - Loaded System Directive: org.apache.velocity.runtime.directive.Break
2016-12-15 13:55:55,956 - Loaded System Directive: org.apache.velocity.runtime.directive.Evaluate
2016-12-15 13:55:55,956 - Loaded System Directive: org.apache.velocity.runtime.directive.Literal
2016-12-15 13:55:55,956 - Loaded System Directive: org.apache.velocity.runtime.directive.Macro
2016-12-15 13:55:55,959 - Loaded System Directive: org.apache.velocity.runtime.directive.Parse
2016-12-15 13:55:55,959 - Loaded System Directive: org.apache.velocity.runtime.directive.Include
2016-12-15 13:55:55,959 - Loaded System Directive: org.apache.velocity.runtime.directive.Foreach
2016-12-15 13:55:55,984 - Created '20' parsers.
2016-12-15 13:55:55,986 - Velocimacro : "velocimacro.library" is not set.  Trying default library: VM_global_library.vm
2016-12-15 13:55:55,986 - Could not load resource 'VM_global_library.vm' from ResourceLoader org.apache.velocity.runtime.resource.loader.ClasspathResourceLoader: ClasspathResourceLoader Error: cannot find resource VM_global_library.vm
2016-12-15 13:55:55,986 - Velocimacro : Default library not found.
2016-12-15 13:55:55,986 - Velocimacro : allowInline = true : VMs can be defined inline in templates
2016-12-15 13:55:55,986 - Velocimacro : allowInlineToOverride = false : VMs defined inline may NOT replace previous VM definitions
2016-12-15 13:55:55,986 - Velocimacro : allowInlineLocal = false : VMs defined inline will be global in scope if allowed.
2016-12-15 13:55:55,986 - Velocimacro : autoload off : VM system will not automatically reload global library macros
2016-12-15 13:55:56,084 - ResourceManager : found html-style/Test.html with loader org.apache.velocity.runtime.resource.loader.ClasspathResourceLoader
2016-12-16 15:19:32,385 - Log4JLogChute initialized using file 'velocity.log'
2016-12-16 15:19:32,385 - Initializing Velocity, Calling init()...
2016-12-16 15:19:32,385 - Starting Apache Velocity v1.7 (compiled: 2010-11-19 12:14:37)
2016-12-16 15:19:32,385 - Default Properties File: org\apache\velocity\runtime\defaults\velocity.properties
2016-12-16 15:19:32,385 - Trying to use logger class org.apache.velocity.runtime.log.AvalonLogChute
2016-12-16 15:19:32,385 - Target log system for org.apache.velocity.runtime.log.AvalonLogChute is not available (java.lang.NoClassDefFoundError: org/apache/log/format/Formatter).  Falling back to next log system...
2016-12-16 15:19:32,385 - Trying to use logger class org.apache.velocity.runtime.log.Log4JLogChute
2016-12-16 15:19:32,385 - Using logger class org.apache.velocity.runtime.log.Log4JLogChute
2016-12-16 15:19:32,395 - ResourceLoader instantiated: org.apache.velocity.runtime.resource.loader.ClasspathResourceLoader
2016-12-16 15:19:32,395 - ResourceCache: initialized (class org.apache.velocity.runtime.resource.ResourceCacheImpl) with class java.util.Collections$SynchronizedMap cache map.
2016-12-16 15:19:32,395 - Loaded System Directive: org.apache.velocity.runtime.directive.Stop
2016-12-16 15:19:32,395 - Loaded System Directive: org.apache.velocity.runtime.directive.Define
2016-12-16 15:19:32,395 - Loaded System Directive: org.apache.velocity.runtime.directive.Break
2016-12-16 15:19:32,395 - Loaded System Directive: org.apache.velocity.runtime.directive.Evaluate
2016-12-16 15:19:32,395 - Loaded System Directive: org.apache.velocity.runtime.directive.Literal
2016-12-16 15:19:32,395 - Loaded System Directive: org.apache.velocity.runtime.directive.Macro
2016-12-16 15:19:32,395 - Loaded System Directive: org.apache.velocity.runtime.directive.Parse
2016-12-16 15:19:32,395 - Loaded System Directive: org.apache.velocity.runtime.directive.Include
2016-12-16 15:19:32,395 - Loaded System Directive: org.apache.velocity.runtime.directive.Foreach
2016-12-16 15:19:32,415 - Created '20' parsers.
2016-12-16 15:19:32,415 - Velocimacro : "velocimacro.library" is not set.  Trying default library: VM_global_library.vm
2016-12-16 15:19:32,415 - Could not load resource 'VM_global_library.vm' from ResourceLoader org.apache.velocity.runtime.resource.loader.ClasspathResourceLoader: ClasspathResourceLoader Error: cannot find resource VM_global_library.vm
2016-12-16 15:19:32,415 - Velocimacro : Default library not found.
2016-12-16 15:19:32,415 - Velocimacro : allowInline = true : VMs can be defined inline in templates
2016-12-16 15:19:32,415 - Velocimacro : allowInlineToOverride = false : VMs defined inline may NOT replace previous VM definitions
2016-12-16 15:19:32,415 - Velocimacro : allowInlineLocal = false : VMs defined inline will be global in scope if allowed.
2016-12-16 15:19:32,415 - Velocimacro : autoload off : VM system will not automatically reload global library macros
2016-12-16 15:19:32,425 - ResourceManager : found html-style/Test.html with loader org.apache.velocity.runtime.resource.loader.ClasspathResourceLoader
2016-12-16 15:22:32,229 - Log4JLogChute initialized using file 'velocity.log'
2016-12-16 15:22:32,229 - Initializing Velocity, Calling init()...
2016-12-16 15:22:32,229 - Starting Apache Velocity v1.7 (compiled: 2010-11-19 12:14:37)
2016-12-16 15:22:32,229 - Default Properties File: org\apache\velocity\runtime\defaults\velocity.properties
2016-12-16 15:22:32,229 - Trying to use logger class org.apache.velocity.runtime.log.AvalonLogChute
2016-12-16 15:22:32,229 - Target log system for org.apache.velocity.runtime.log.AvalonLogChute is not available (java.lang.NoClassDefFoundError: org/apache/log/format/Formatter).  Falling back to next log system...
2016-12-16 15:22:32,229 - Trying to use logger class org.apache.velocity.runtime.log.Log4JLogChute
2016-12-16 15:22:32,229 - Using logger class org.apache.velocity.runtime.log.Log4JLogChute
2016-12-16 15:22:32,229 - ResourceLoader instantiated: org.apache.velocity.runtime.resource.loader.ClasspathResourceLoader
2016-12-16 15:22:32,229 - ResourceCache: initialized (class org.apache.velocity.runtime.resource.ResourceCacheImpl) with class java.util.Collections$SynchronizedMap cache map.
2016-12-16 15:22:32,229 - Loaded System Directive: org.apache.velocity.runtime.directive.Stop
2016-12-16 15:22:32,229 - Loaded System Directive: org.apache.velocity.runtime.directive.Define
2016-12-16 15:22:32,229 - Loaded System Directive: org.apache.velocity.runtime.directive.Break
2016-12-16 15:22:32,229 - Loaded System Directive: org.apache.velocity.runtime.directive.Evaluate
2016-12-16 15:22:32,229 - Loaded System Directive: org.apache.velocity.runtime.directive.Literal
2016-12-16 15:22:32,229 - Loaded System Directive: org.apache.velocity.runtime.directive.Macro
2016-12-16 15:22:32,229 - Loaded System Directive: org.apache.velocity.runtime.directive.Parse
2016-12-16 15:22:32,239 - Loaded System Directive: org.apache.velocity.runtime.directive.Include
2016-12-16 15:22:32,239 - Loaded System Directive: org.apache.velocity.runtime.directive.Foreach
2016-12-16 15:22:32,249 - Created '20' parsers.
2016-12-16 15:22:32,249 - Velocimacro : "velocimacro.library" is not set.  Trying default library: VM_global_library.vm
2016-12-16 15:22:32,249 - Could not load resource 'VM_global_library.vm' from ResourceLoader org.apache.velocity.runtime.resource.loader.ClasspathResourceLoader: ClasspathResourceLoader Error: cannot find resource VM_global_library.vm
2016-12-16 15:22:32,249 - Velocimacro : Default library not found.
2016-12-16 15:22:32,249 - Velocimacro : allowInline = true : VMs can be defined inline in templates
2016-12-16 15:22:32,249 - Velocimacro : allowInlineToOverride = false : VMs defined inline may NOT replace previous VM definitions
2016-12-16 15:22:32,249 - Velocimacro : allowInlineLocal = false : VMs defined inline will be global in scope if allowed.
2016-12-16 15:22:32,249 - Velocimacro : autoload off : VM system will not automatically reload global library macros
2016-12-16 15:22:32,259 - ResourceManager : found html-style/Test.html with loader org.apache.velocity.runtime.resource.loader.ClasspathResourceLoader
2016-12-16 15:43:38,175 - Log4JLogChute initialized using file 'velocity.log'
2016-12-16 15:43:38,175 - Initializing Velocity, Calling init()...
2016-12-16 15:43:38,175 - Starting Apache Velocity v1.7 (compiled: 2010-11-19 12:14:37)
2016-12-16 15:43:38,175 - Default Properties File: org\apache\velocity\runtime\defaults\velocity.properties
2016-12-16 15:43:38,175 - Trying to use logger class org.apache.velocity.runtime.log.AvalonLogChute
2016-12-16 15:43:38,175 - Target log system for org.apache.velocity.runtime.log.AvalonLogChute is not available (java.lang.NoClassDefFoundError: org/apache/log/format/Formatter).  Falling back to next log system...
2016-12-16 15:43:38,175 - Trying to use logger class org.apache.velocity.runtime.log.Log4JLogChute
2016-12-16 15:43:38,175 - Using logger class org.apache.velocity.runtime.log.Log4JLogChute
2016-12-16 15:43:38,175 - ResourceLoader instantiated: org.apache.velocity.runtime.resource.loader.ClasspathResourceLoader
2016-12-16 15:43:38,185 - ResourceCache: initialized (class org.apache.velocity.runtime.resource.ResourceCacheImpl) with class java.util.Collections$SynchronizedMap cache map.
2016-12-16 15:43:38,185 - Loaded System Directive: org.apache.velocity.runtime.directive.Stop
2016-12-16 15:43:38,185 - Loaded System Directive: org.apache.velocity.runtime.directive.Define
2016-12-16 15:43:38,185 - Loaded System Directive: org.apache.velocity.runtime.directive.Break
2016-12-16 15:43:38,185 - Loaded System Directive: org.apache.velocity.runtime.directive.Evaluate
2016-12-16 15:43:38,185 - Loaded System Directive: org.apache.velocity.runtime.directive.Literal
2016-12-16 15:43:38,185 - Loaded System Directive: org.apache.velocity.runtime.directive.Macro
2016-12-16 15:43:38,185 - Loaded System Directive: org.apache.velocity.runtime.directive.Parse
2016-12-16 15:43:38,185 - Loaded System Directive: org.apache.velocity.runtime.directive.Include
2016-12-16 15:43:38,185 - Loaded System Directive: org.apache.velocity.runtime.directive.Foreach
2016-12-16 15:43:38,215 - Created '20' parsers.
2016-12-16 15:43:38,215 - Velocimacro : "velocimacro.library" is not set.  Trying default library: VM_global_library.vm
2016-12-16 15:43:38,215 - Could not load resource 'VM_global_library.vm' from ResourceLoader org.apache.velocity.runtime.resource.loader.ClasspathResourceLoader: ClasspathResourceLoader Error: cannot find resource VM_global_library.vm
2016-12-16 15:43:38,215 - Velocimacro : Default library not found.
2016-12-16 15:43:38,215 - Velocimacro : allowInline = true : VMs can be defined inline in templates
2016-12-16 15:43:38,215 - Velocimacro : allowInlineToOverride = false : VMs defined inline may NOT replace previous VM definitions
2016-12-16 15:43:38,215 - Velocimacro : allowInlineLocal = false : VMs defined inline will be global in scope if allowed.
2016-12-16 15:43:38,215 - Velocimacro : autoload off : VM system will not automatically reload global library macros
2016-12-16 15:43:38,225 - ResourceManager : found html-style/Test.html with loader org.apache.velocity.runtime.resource.loader.ClasspathResourceLoader
2016-12-16 15:44:40,822 - Log4JLogChute initialized using file 'velocity.log'
2016-12-16 15:44:40,822 - Initializing Velocity, Calling init()...
2016-12-16 15:44:40,822 - Starting Apache Velocity v1.7 (compiled: 2010-11-19 12:14:37)
2016-12-16 15:44:40,822 - Default Properties File: org\apache\velocity\runtime\defaults\velocity.properties
2016-12-16 15:44:40,822 - Trying to use logger class org.apache.velocity.runtime.log.AvalonLogChute
2016-12-16 15:44:40,822 - Target log system for org.apache.velocity.runtime.log.AvalonLogChute is not available (java.lang.NoClassDefFoundError: org/apache/log/format/Formatter).  Falling back to next log system...
2016-12-16 15:44:40,822 - Trying to use logger class org.apache.velocity.runtime.log.Log4JLogChute
2016-12-16 15:44:40,822 - Using logger class org.apache.velocity.runtime.log.Log4JLogChute
2016-12-16 15:44:40,822 - ResourceLoader instantiated: org.apache.velocity.runtime.resource.loader.ClasspathResourceLoader
2016-12-16 15:44:40,832 - ResourceCache: initialized (class org.apache.velocity.runtime.resource.ResourceCacheImpl) with class java.util.Collections$SynchronizedMap cache map.
2016-12-16 15:44:40,832 - Loaded System Directive: org.apache.velocity.runtime.directive.Stop
2016-12-16 15:44:40,832 - Loaded System Directive: org.apache.velocity.runtime.directive.Define
2016-12-16 15:44:40,832 - Loaded System Directive: org.apache.velocity.runtime.directive.Break
2016-12-16 15:44:40,832 - Loaded System Directive: org.apache.velocity.runtime.directive.Evaluate
2016-12-16 15:44:40,832 - Loaded System Directive: org.apache.velocity.runtime.directive.Literal
2016-12-16 15:44:40,832 - Loaded System Directive: org.apache.velocity.runtime.directive.Macro
2016-12-16 15:44:40,832 - Loaded System Directive: org.apache.velocity.runtime.directive.Parse
2016-12-16 15:44:40,832 - Loaded System Directive: org.apache.velocity.runtime.directive.Include
2016-12-16 15:44:40,832 - Loaded System Directive: org.apache.velocity.runtime.directive.Foreach
2016-12-16 15:44:40,852 - Created '20' parsers.
2016-12-16 15:44:40,852 - Velocimacro : "velocimacro.library" is not set.  Trying default library: VM_global_library.vm
2016-12-16 15:44:40,852 - Could not load resource 'VM_global_library.vm' from ResourceLoader org.apache.velocity.runtime.resource.loader.ClasspathResourceLoader: ClasspathResourceLoader Error: cannot find resource VM_global_library.vm
2016-12-16 15:44:40,852 - Velocimacro : Default library not found.
2016-12-16 15:44:40,852 - Velocimacro : allowInline = true : VMs can be defined inline in templates
2016-12-16 15:44:40,852 - Velocimacro : allowInlineToOverride = false : VMs defined inline may NOT replace previous VM definitions
2016-12-16 15:44:40,852 - Velocimacro : allowInlineLocal = false : VMs defined inline will be global in scope if allowed.
2016-12-16 15:44:40,852 - Velocimacro : autoload off : VM system will not automatically reload global library macros
2016-12-16 15:44:40,862 - ResourceManager : found html-style/Test.html with loader org.apache.velocity.runtime.resource.loader.ClasspathResourceLoader
2016-12-16 15:46:56,040 - Log4JLogChute initialized using file 'velocity.log'
2016-12-16 15:46:56,041 - Initializing Velocity, Calling init()...
2016-12-16 15:46:56,041 - Starting Apache Velocity v1.7 (compiled: 2010-11-19 12:14:37)
2016-12-16 15:46:56,041 - Default Properties File: org\apache\velocity\runtime\defaults\velocity.properties
2016-12-16 15:46:56,041 - Trying to use logger class org.apache.velocity.runtime.log.AvalonLogChute
2016-12-16 15:46:56,041 - Target log system for org.apache.velocity.runtime.log.AvalonLogChute is not available (java.lang.NoClassDefFoundError: org/apache/log/format/Formatter).  Falling back to next log system...
2016-12-16 15:46:56,041 - Trying to use logger class org.apache.velocity.runtime.log.Log4JLogChute
2016-12-16 15:46:56,041 - Using logger class org.apache.velocity.runtime.log.Log4JLogChute
2016-12-16 15:46:56,042 - ResourceLoader instantiated: org.apache.velocity.runtime.resource.loader.ClasspathResourceLoader
2016-12-16 15:46:56,047 - ResourceCache: initialized (class org.apache.velocity.runtime.resource.ResourceCacheImpl) with class java.util.Collections$SynchronizedMap cache map.
2016-12-16 15:46:56,048 - Loaded System Directive: org.apache.velocity.runtime.directive.Stop
2016-12-16 15:46:56,049 - Loaded System Directive: org.apache.velocity.runtime.directive.Define
2016-12-16 15:46:56,049 - Loaded System Directive: org.apache.velocity.runtime.directive.Break
2016-12-16 15:46:56,050 - Loaded System Directive: org.apache.velocity.runtime.directive.Evaluate
2016-12-16 15:46:56,050 - Loaded System Directive: org.apache.velocity.runtime.directive.Literal
2016-12-16 15:46:56,051 - Loaded System Directive: org.apache.velocity.runtime.directive.Macro
2016-12-16 15:46:56,051 - Loaded System Directive: org.apache.velocity.runtime.directive.Parse
2016-12-16 15:46:56,052 - Loaded System Directive: org.apache.velocity.runtime.directive.Include
2016-12-16 15:46:56,052 - Loaded System Directive: org.apache.velocity.runtime.directive.Foreach
2016-12-16 15:46:56,070 - Created '20' parsers.
2016-12-16 15:46:56,073 - Velocimacro : "velocimacro.library" is not set.  Trying default library: VM_global_library.vm
2016-12-16 15:46:56,073 - Could not load resource 'VM_global_library.vm' from ResourceLoader org.apache.velocity.runtime.resource.loader.ClasspathResourceLoader: ClasspathResourceLoader Error: cannot find resource VM_global_library.vm
2016-12-16 15:46:56,073 - Velocimacro : Default library not found.
2016-12-16 15:46:56,073 - Velocimacro : allowInline = true : VMs can be defined inline in templates
2016-12-16 15:46:56,073 - Velocimacro : allowInlineToOverride = false : VMs defined inline may NOT replace previous VM definitions
2016-12-16 15:46:56,073 - Velocimacro : allowInlineLocal = false : VMs defined inline will be global in scope if allowed.
2016-12-16 15:46:56,073 - Velocimacro : autoload off : VM system will not automatically reload global library macros
2016-12-16 15:46:56,082 - ResourceManager : found html-style/Test.html with loader org.apache.velocity.runtime.resource.loader.ClasspathResourceLoader
2016-12-16 15:48:08,396 - Log4JLogChute initialized using file 'velocity.log'
2016-12-16 15:48:08,397 - Initializing Velocity, Calling init()...
2016-12-16 15:48:08,397 - Starting Apache Velocity v1.7 (compiled: 2010-11-19 12:14:37)
2016-12-16 15:48:08,397 - Default Properties File: org\apache\velocity\runtime\defaults\velocity.properties
2016-12-16 15:48:08,397 - Trying to use logger class org.apache.velocity.runtime.log.AvalonLogChute
2016-12-16 15:48:08,397 - Target log system for org.apache.velocity.runtime.log.AvalonLogChute is not available (java.lang.NoClassDefFoundError: org/apache/log/format/Formatter).  Falling back to next log system...
2016-12-16 15:48:08,397 - Trying to use logger class org.apache.velocity.runtime.log.Log4JLogChute
2016-12-16 15:48:08,397 - Using logger class org.apache.velocity.runtime.log.Log4JLogChute
2016-12-16 15:48:08,398 - ResourceLoader instantiated: org.apache.velocity.runtime.resource.loader.ClasspathResourceLoader
2016-12-16 15:48:08,403 - ResourceCache: initialized (class org.apache.velocity.runtime.resource.ResourceCacheImpl) with class java.util.Collections$SynchronizedMap cache map.
2016-12-16 15:48:08,404 - Loaded System Directive: org.apache.velocity.runtime.directive.Stop
2016-12-16 15:48:08,405 - Loaded System Directive: org.apache.velocity.runtime.directive.Define
2016-12-16 15:48:08,405 - Loaded System Directive: org.apache.velocity.runtime.directive.Break
2016-12-16 15:48:08,405 - Loaded System Directive: org.apache.velocity.runtime.directive.Evaluate
2016-12-16 15:48:08,406 - Loaded System Directive: org.apache.velocity.runtime.directive.Literal
2016-12-16 15:48:08,406 - Loaded System Directive: org.apache.velocity.runtime.directive.Macro
2016-12-16 15:48:08,407 - Loaded System Directive: org.apache.velocity.runtime.directive.Parse
2016-12-16 15:48:08,408 - Loaded System Directive: org.apache.velocity.runtime.directive.Include
2016-12-16 15:48:08,409 - Loaded System Directive: org.apache.velocity.runtime.directive.Foreach
2016-12-16 15:48:08,427 - Created '20' parsers.
2016-12-16 15:48:08,433 - Velocimacro : "velocimacro.library" is not set.  Trying default library: VM_global_library.vm
2016-12-16 15:48:08,433 - Could not load resource 'VM_global_library.vm' from ResourceLoader org.apache.velocity.runtime.resource.loader.ClasspathResourceLoader: ClasspathResourceLoader Error: cannot find resource VM_global_library.vm
2016-12-16 15:48:08,434 - Velocimacro : Default library not found.
2016-12-16 15:48:08,434 - Velocimacro : allowInline = true : VMs can be defined inline in templates
2016-12-16 15:48:08,434 - Velocimacro : allowInlineToOverride = false : VMs defined inline may NOT replace previous VM definitions
2016-12-16 15:48:08,434 - Velocimacro : allowInlineLocal = false : VMs defined inline will be global in scope if allowed.
2016-12-16 15:48:08,434 - Velocimacro : autoload off : VM system will not automatically reload global library macros
2016-12-16 15:48:08,453 - ResourceManager : found html-style/Test.html with loader org.apache.velocity.runtime.resource.loader.ClasspathResourceLoader
2016-12-16 15:49:37,997 - Log4JLogChute initialized using file 'velocity.log'
2016-12-16 15:49:37,997 - Initializing Velocity, Calling init()...
2016-12-16 15:49:37,997 - Starting Apache Velocity v1.7 (compiled: 2010-11-19 12:14:37)
2016-12-16 15:49:37,997 - Default Properties File: org\apache\velocity\runtime\defaults\velocity.properties
2016-12-16 15:49:37,997 - Trying to use logger class org.apache.velocity.runtime.log.AvalonLogChute
2016-12-16 15:49:37,997 - Target log system for org.apache.velocity.runtime.log.AvalonLogChute is not available (java.lang.NoClassDefFoundError: org/apache/log/format/Formatter).  Falling back to next log system...
2016-12-16 15:49:37,997 - Trying to use logger class org.apache.velocity.runtime.log.Log4JLogChute
2016-12-16 15:49:37,997 - Using logger class org.apache.velocity.runtime.log.Log4JLogChute
2016-12-16 15:49:37,999 - ResourceLoader instantiated: org.apache.velocity.runtime.resource.loader.ClasspathResourceLoader
2016-12-16 15:49:38,003 - ResourceCache: initialized (class org.apache.velocity.runtime.resource.ResourceCacheImpl) with class java.util.Collections$SynchronizedMap cache map.
2016-12-16 15:49:38,004 - Loaded System Directive: org.apache.velocity.runtime.directive.Stop
2016-12-16 15:49:38,005 - Loaded System Directive: org.apache.velocity.runtime.directive.Define
2016-12-16 15:49:38,005 - Loaded System Directive: org.apache.velocity.runtime.directive.Break
2016-12-16 15:49:38,006 - Loaded System Directive: org.apache.velocity.runtime.directive.Evaluate
2016-12-16 15:49:38,006 - Loaded System Directive: org.apache.velocity.runtime.directive.Literal
2016-12-16 15:49:38,007 - Loaded System Directive: org.apache.velocity.runtime.directive.Macro
2016-12-16 15:49:38,007 - Loaded System Directive: org.apache.velocity.runtime.directive.Parse
2016-12-16 15:49:38,008 - Loaded System Directive: org.apache.velocity.runtime.directive.Include
2016-12-16 15:49:38,008 - Loaded System Directive: org.apache.velocity.runtime.directive.Foreach
2016-12-16 15:49:38,026 - Created '20' parsers.
2016-12-16 15:49:38,029 - Velocimacro : "velocimacro.library" is not set.  Trying default library: VM_global_library.vm
2016-12-16 15:49:38,030 - Could not load resource 'VM_global_library.vm' from ResourceLoader org.apache.velocity.runtime.resource.loader.ClasspathResourceLoader: ClasspathResourceLoader Error: cannot find resource VM_global_library.vm
2016-12-16 15:49:38,030 - Velocimacro : Default library not found.
2016-12-16 15:49:38,030 - Velocimacro : allowInline = true : VMs can be defined inline in templates
2016-12-16 15:49:38,030 - Velocimacro : allowInlineToOverride = false : VMs defined inline may NOT replace previous VM definitions
2016-12-16 15:49:38,030 - Velocimacro : allowInlineLocal = false : VMs defined inline will be global in scope if allowed.
2016-12-16 15:49:38,030 - Velocimacro : autoload off : VM system will not automatically reload global library macros
2016-12-16 15:49:38,039 - ResourceManager : found html-style/Test.html with loader org.apache.velocity.runtime.resource.loader.ClasspathResourceLoader
2016-12-16 15:52:01,848 - Log4JLogChute initialized using file 'velocity.log'
2016-12-16 15:52:01,848 - Initializing Velocity, Calling init()...
2016-12-16 15:52:01,848 - Starting Apache Velocity v1.7 (compiled: 2010-11-19 12:14:37)
2016-12-16 15:52:01,848 - Default Properties File: org\apache\velocity\runtime\defaults\velocity.properties
2016-12-16 15:52:01,848 - Trying to use logger class org.apache.velocity.runtime.log.AvalonLogChute
2016-12-16 15:52:01,848 - Target log system for org.apache.velocity.runtime.log.AvalonLogChute is not available (java.lang.NoClassDefFoundError: org/apache/log/format/Formatter).  Falling back to next log system...
2016-12-16 15:52:01,848 - Trying to use logger class org.apache.velocity.runtime.log.Log4JLogChute
2016-12-16 15:52:01,848 - Using logger class org.apache.velocity.runtime.log.Log4JLogChute
2016-12-16 15:52:01,848 - ResourceLoader instantiated: org.apache.velocity.runtime.resource.loader.ClasspathResourceLoader
2016-12-16 15:52:01,858 - ResourceCache: initialized (class org.apache.velocity.runtime.resource.ResourceCacheImpl) with class java.util.Collections$SynchronizedMap cache map.
2016-12-16 15:52:01,858 - Loaded System Directive: org.apache.velocity.runtime.directive.Stop
2016-12-16 15:52:01,858 - Loaded System Directive: org.apache.velocity.runtime.directive.Define
2016-12-16 15:52:01,858 - Loaded System Directive: org.apache.velocity.runtime.directive.Break
2016-12-16 15:52:01,858 - Loaded System Directive: org.apache.velocity.runtime.directive.Evaluate
2016-12-16 15:52:01,858 - Loaded System Directive: org.apache.velocity.runtime.directive.Literal
2016-12-16 15:52:01,858 - Loaded System Directive: org.apache.velocity.runtime.directive.Macro
2016-12-16 15:52:01,858 - Loaded System Directive: org.apache.velocity.runtime.directive.Parse
2016-12-16 15:52:01,858 - Loaded System Directive: org.apache.velocity.runtime.directive.Include
2016-12-16 15:52:01,858 - Loaded System Directive: org.apache.velocity.runtime.directive.Foreach
2016-12-16 15:52:01,878 - Created '20' parsers.
2016-12-16 15:52:01,888 - Velocimacro : "velocimacro.library" is not set.  Trying default library: VM_global_library.vm
2016-12-16 15:52:01,888 - Could not load resource 'VM_global_library.vm' from ResourceLoader org.apache.velocity.runtime.resource.loader.ClasspathResourceLoader: ClasspathResourceLoader Error: cannot find resource VM_global_library.vm
2016-12-16 15:52:01,888 - Velocimacro : Default library not found.
2016-12-16 15:52:01,888 - Velocimacro : allowInline = true : VMs can be defined inline in templates
2016-12-16 15:52:01,888 - Velocimacro : allowInlineToOverride = false : VMs defined inline may NOT replace previous VM definitions
2016-12-16 15:52:01,888 - Velocimacro : allowInlineLocal = false : VMs defined inline will be global in scope if allowed.
2016-12-16 15:52:01,888 - Velocimacro : autoload off : VM system will not automatically reload global library macros
2016-12-16 15:52:01,898 - ResourceManager : found html-style/Test.html with loader org.apache.velocity.runtime.resource.loader.ClasspathResourceLoader
